#
# A fatal error has been detected by the Java Runtime Environment:
#
#  EXCEPTION_ACCESS_VIOLATION (0xc0000005) at pc=0x00000000028fe01f, pid=6768, tid=9828
#
# JRE version: Java(TM) SE Runtime Environment (7.0_51-b13) (build 1.7.0_51-b13)
# Java VM: Java HotSpot(TM) 64-Bit Server VM (24.51-b03 mixed mode windows-amd64 compressed oops)
# Problematic frame:
# J  sun.awt.AppContext.get(Ljava/lang/Object;)Ljava/lang/Object;
#
# Failed to write core dump. Minidumps are not enabled by default on client versions of Windows
#
# If you would like to submit a bug report, please visit:
#   http://bugreport.sun.com/bugreport/crash.jsp
# The crash happened outside the Java Virtual Machine in native code.
# See problematic frame for where to report the bug.
#

---------------  T H R E A D  ---------------

Current thread (0x000000000017d800):  JavaThread "main" [_thread_in_native, id=9828, stack(0x0000000002780000,0x0000000002880000)]

siginfo: ExceptionCode=0xc0000005, reading address 0x0000000000120000

Registers:
RAX=0x00000007d5fe82c0, RBX=0x000000000253bdba, RCX=0x00000000000005a0, RDX=0x00000007d5f5b5e0
RSP=0x000000000287f4b8, RBP=0x00000000fabeb6bc, RSI=0x0000000000000a00, RDI=0x0000000000000000
R8 =0x00000007d5fc3c40, R9 =0x00000007d5f5b618, R10=0x000000000253bdba, R11=0x00000000ef920521
R12=0x0000000000000000, R13=0x0000000000000001, R14=0x000000000287f448, R15=0x000000000017d800
RIP=0x00000000028fe01f, EFLAGS=0x0000000000010202

Top of Stack: (sp=0x000000000287f4b8)
0x000000000287f4b8:   0000000002905c14 000000077cb90fb8
0x000000000287f4c8:   00000007d5f6c610 000005a000000a00
0x000000000287f4d8:   00000007d5f5b5e0 000000000287f500
0x000000000287f4e8:   00000007d5f648b0 00000007d5f648b0
0x000000000287f4f8:   0000000002903238 00000000000000dd
0x000000000287f508:   000000077cb36da0 0000000000000000
0x000000000287f518:   000000000287f550 0000000000000001
0x000000000287f528:   00000000028860f8 0000000000000001
0x000000000287f538:   00000000000005a0 000000000287f5d8
0x000000000287f548:   00000000028860f8 0000000000000000
0x000000000287f558:   00000007d5e80c88 0000000000000000
0x000000000287f568:   00000007d5e80108 0000000000000001
0x000000000287f578:   00000007d5e7f588 0000000000000001
0x000000000287f588:   00000007d5e6aec8 00000007d5f648b0
0x000000000287f598:   000000000287f598 000000077ca4c25f
0x000000000287f5a8:   000000000287f5e8 000000077ca85120 

Instructions: (pc=0x00000000028fe01f)
0x00000000028fdfff:   10 41 ba 07 00 00 00 4d 23 11 49 83 fa 05 0f 85
0x00000000028fe00f:   f6 02 00 00 48 8b c5 48 c1 e0 03 48 83 c4 60 5d
0x00000000028fe01f:   85 05 db 1f 82 fd c3 4c 8b 54 24 48 41 8b 6a 0c
0x00000000028fe02f:   45 8b 54 ec 08 41 81 fa 21 05 92 ef 0f 85 c4 03 


Register to memory mapping:

RAX=0x00000007d5fe82c0 is an oop
javax.swing.RepaintManager 
 - klass: 'javax/swing/RepaintManager'
RBX=0x000000000253bdba is an unknown value
RCX=0x00000000000005a0 is an unknown value
RDX=0x00000007d5f5b5e0 is an oop
sun.awt.AppContext 
 - klass: 'sun/awt/AppContext'
RSP=0x000000000287f4b8 is pointing into the stack for thread: 0x000000000017d800
RBP=0x00000000fabeb6bc is an unknown value
RSI=0x0000000000000a00 is an unknown value
RDI=0x0000000000000000 is an unknown value
R8 =0x00000007d5fc3c40 is an oop
java.lang.Class 
 - klass: 'java/lang/Class'
R9 =0x00000007d5f5b618 is an oop
java.util.HashMap 
 - klass: 'java/util/HashMap'
R10=0x000000000253bdba is an unknown value
R11=0x00000000ef920521 is an unknown value
R12=0x0000000000000000 is an unknown value
R13=0x0000000000000001 is an unknown value
R14=0x000000000287f448 is pointing into the stack for thread: 0x000000000017d800
R15=0x000000000017d800 is a thread


Stack: [0x0000000002780000,0x0000000002880000],  sp=0x000000000287f4b8,  free space=1021k
Native frames: (J=compiled Java code, j=interpreted, Vv=VM code, C=native code)
J  sun.awt.AppContext.get(Ljava/lang/Object;)Ljava/lang/Object;


---------------  P R O C E S S  ---------------

Java Threads: ( => current thread )
  0x000000000c499000 JavaThread "AWT-EventQueue-0" [_thread_blocked, id=9548, stack(0x000000000eed0000,0x000000000efd0000)]
  0x000000000c42a000 JavaThread "AWT-Shutdown" [_thread_blocked, id=10168, stack(0x000000000ebb0000,0x000000000ecb0000)]
  0x000000000c429800 JavaThread "Java2D Disposer" daemon [_thread_blocked, id=9048, stack(0x000000000e720000,0x000000000e820000)]
  0x000000000c3ef000 JavaThread "TimerQueue" daemon [_thread_blocked, id=7752, stack(0x000000000ea30000,0x000000000eb30000)]
  0x000000000b27f800 JavaThread "Service Thread" daemon [_thread_blocked, id=9908, stack(0x000000000df70000,0x000000000e070000)]
  0x000000000b27d800 JavaThread "C2 CompilerThread1" daemon [_thread_blocked, id=9844, stack(0x000000000ddb0000,0x000000000deb0000)]
  0x000000000b275800 JavaThread "C2 CompilerThread0" daemon [_thread_blocked, id=8836, stack(0x000000000dbd0000,0x000000000dcd0000)]
  0x000000000b274800 JavaThread "Attach Listener" daemon [_thread_blocked, id=6760, stack(0x000000000da10000,0x000000000db10000)]
  0x000000000b273800 JavaThread "Signal Dispatcher" daemon [_thread_blocked, id=9352, stack(0x000000000d8a0000,0x000000000d9a0000)]
  0x000000000b260800 JavaThread "Finalizer" daemon [_thread_blocked, id=9664, stack(0x000000000d690000,0x000000000d790000)]
  0x000000000b25f800 JavaThread "Reference Handler" daemon [_thread_blocked, id=9572, stack(0x000000000d580000,0x000000000d680000)]
=>0x000000000017d800 JavaThread "main" [_thread_in_native, id=9828, stack(0x0000000002780000,0x0000000002880000)]

Other Threads:
  0x000000000b25c800 VMThread [stack: 0x000000000d350000,0x000000000d450000] [id=6564]

VM state:at safepoint (normal execution)

VM Mutex/Monitor currently owned by a thread:  ([mutex/lock_event])
[0x000000000017bd80] Threads_lock - owner thread: 0x000000000b25c800

Heap
 PSYoungGen      total 38400K, used 20391K [0x00000007d5e00000, 0x00000007d8880000, 0x0000000800000000)
  eden space 33280K, 61% used [0x00000007d5e00000,0x00000007d71e9d18,0x00000007d7e80000)
  from space 5120K, 0% used [0x00000007d8380000,0x00000007d8380000,0x00000007d8880000)
  to   space 5120K, 0% used [0x00000007d7e80000,0x00000007d7e80000,0x00000007d8380000)
 ParOldGen       total 86016K, used 0K [0x0000000781a00000, 0x0000000786e00000, 0x00000007d5e00000)
  object space 86016K, 0% used [0x0000000781a00000,0x0000000781a00000,0x0000000786e00000)
 PSPermGen       total 21504K, used 7746K [0x000000077c800000, 0x000000077dd00000, 0x0000000781a00000)
  object space 21504K, 36% used [0x000000077c800000,0x000000077cf909a8,0x000000077dd00000)

Card table byte_map: [0x0000000005880000,0x0000000005ca0000] byte_map_base: 0x0000000001c9c000

Polling page: 0x0000000000120000

Code Cache  [0x0000000002880000, 0x0000000002af0000, 0x0000000005880000)
 total_blobs=409 nmethods=31 adapters=331 free_code_cache=48615Kb largest_free_block=49764672

Compilation events (10 events):
Event: 0.656 Thread 0x000000000b275800   27  s          javax.swing.RepaintManager::extendDirtyRegion (36 bytes)
Event: 0.656 Thread 0x000000000b27d800   28   !         javax.swing.RepaintManager::addDirtyRegion0 (205 bytes)
Event: 0.660 Thread 0x000000000b275800 nmethod 27 0x0000000002906410 code [0x0000000002906580, 0x0000000002906d18]
Event: 0.660 Thread 0x000000000b275800   29             java.util.IdentityHashMap::get (60 bytes)
Event: 0.662 Thread 0x000000000b275800 nmethod 29 0x0000000002907550 code [0x00000000029076a0, 0x0000000002907898]
Event: 0.665 Thread 0x000000000b27d800 nmethod 28 0x0000000002908f90 code [0x0000000002909160, 0x0000000002909ea0]
Event: 1.284 Thread 0x000000000b275800   30             java.util.IdentityHashMap::clear (39 bytes)
Event: 1.286 Thread 0x000000000b275800 nmethod 30 0x0000000002907250 code [0x0000000002907380, 0x0000000002907498]
Event: 1.435 Thread 0x000000000b27d800   31             java.util.IdentityHashMap$IdentityHashMapIterator::hasNext (50 bytes)
Event: 1.438 Thread 0x000000000b27d800 nmethod 31 0x0000000002903dd0 code [0x0000000002903f00, 0x0000000002904098]

GC Heap History (0 events):
No events

Deoptimization events (4 events):
Event: 0.622 Thread 0x000000000017d800 Uncommon trap: reason=unreached action=reinterpret pc=0x00000000028fbfa8 method=java.util.IdentityHashMap.get(Ljava/lang/Object;)Ljava/lang/Object; @ 31
Event: 0.622 Thread 0x000000000017d800 Uncommon trap: reason=unreached action=reinterpret pc=0x0000000002901d98 method=java.util.IdentityHashMap.get(Ljava/lang/Object;)Ljava/lang/Object; @ 31
Event: 0.651 Thread 0x000000000017d800 Uncommon trap: reason=unreached action=reinterpret pc=0x00000000029000dc method=java.util.IdentityHashMap.get(Ljava/lang/Object;)Ljava/lang/Object; @ 31
Event: 0.652 Thread 0x000000000017d800 Uncommon trap: reason=unreached action=reinterpret pc=0x00000000028facc4 method=java.util.IdentityHashMap.get(Ljava/lang/Object;)Ljava/lang/Object; @ 31

Internal exceptions (10 events):
Event: 0.488 Thread 0x000000000017d800 Threw 0x00000007d5f5f508 at C:\re\jdk7u51\527\hotspot\src\share\vm\prims\jvm.cpp:1244
Event: 0.490 Thread 0x000000000017d800 Threw 0x00000007d5f624f0 at C:\re\jdk7u51\527\hotspot\src\share\vm\prims\jvm.cpp:1244
Event: 0.505 Thread 0x000000000017d800 Threw 0x00000007d5f7d200 at C:\re\jdk7u51\527\hotspot\src\share\vm\prims\jni.cpp:717
Event: 0.567 Thread 0x000000000017d800 Threw 0x00000007d61877d8 at C:\re\jdk7u51\527\hotspot\src\share\vm\prims\jvm.cpp:1244
Event: 0.567 Thread 0x000000000017d800 Threw 0x00000007d6187900 at C:\re\jdk7u51\527\hotspot\src\share\vm\prims\jvm.cpp:1244
Event: 0.568 Thread 0x000000000017d800 Threw 0x00000007d618af38 at C:\re\jdk7u51\527\hotspot\src\share\vm\prims\jvm.cpp:1244
Event: 0.568 Thread 0x000000000017d800 Threw 0x00000007d618b060 at C:\re\jdk7u51\527\hotspot\src\share\vm\prims\jvm.cpp:1244
Event: 0.583 Thread 0x000000000017d800 Threw 0x00000007d6190ef0 at C:\re\jdk7u51\527\hotspot\src\share\vm\prims\jvm.cpp:1244
Event: 0.584 Thread 0x000000000017d800 Threw 0x00000007d6192ea0 at C:\re\jdk7u51\527\hotspot\src\share\vm\prims\jvm.cpp:1244
Event: 0.651 Thread 0x000000000c499000 Threw 0x00000007d61fc430 at C:\re\jdk7u51\527\hotspot\src\share\vm\prims\jvm.cpp:1244

Events (10 events):
Event: 0.652 Thread 0x000000000017d800 Uncommon trap: trap_request=0xffffffad fr.pc=0x00000000028facc4
Event: 0.652 Thread 0x000000000017d800 DEOPT PACKING pc=0x00000000028facc4 sp=0x000000000287f320
Event: 0.652 Thread 0x000000000017d800 DEOPT UNPACKING pc=0x00000000028b75a4 sp=0x000000000287f2a8 mode 2
Event: 2.583 Thread 0x000000000c333800 Thread exited: 0x000000000c333800
Event: 2.583 Thread 0x000000000c5e5000 Thread added: 0x000000000c5e5000
Event: 2.583 Thread 0x000000000c333800 Thread added: 0x000000000c333800
Event: 2.583 Thread 0x000000000c5e5000 Thread exited: 0x000000000c5e5000
Event: 2.587 Thread 0x000000000c42f000 Thread exited: 0x000000000c42f000
Event: 2.683 Thread 0x000000000c333800 Thread exited: 0x000000000c333800
Event: 2.683 Executing VM operation: Exit


Dynamic libraries:
0x000000013f980000 - 0x000000013f9b3000 	C:\Program Files\Java\jre7\bin\javaw.exe
0x0000000077390000 - 0x0000000077539000 	C:\Windows\SYSTEM32\ntdll.dll
0x0000000077270000 - 0x000000007738f000 	C:\Windows\system32\kernel32.dll
0x000007fefd2c0000 - 0x000007fefd32c000 	C:\Windows\system32\KERNELBASE.dll
0x000007feff230000 - 0x000007feff30b000 	C:\Windows\system32\ADVAPI32.dll
0x000007feff310000 - 0x000007feff3af000 	C:\Windows\system32\msvcrt.dll
0x000007fefd600000 - 0x000007fefd61f000 	C:\Windows\SYSTEM32\sechost.dll
0x000007fefecf0000 - 0x000007fefee1d000 	C:\Windows\system32\RPCRT4.dll
0x0000000077170000 - 0x000000007726a000 	C:\Windows\system32\USER32.dll
0x000007feff590000 - 0x000007feff5f7000 	C:\Windows\system32\GDI32.dll
0x000007fefdbd0000 - 0x000007fefdbde000 	C:\Windows\system32\LPK.dll
0x000007fefebf0000 - 0x000007fefecb9000 	C:\Windows\system32\USP10.dll
0x000007fefbb70000 - 0x000007fefbd64000 	C:\Windows\WinSxS\amd64_microsoft.windows.common-controls_6595b64144ccf1df_6.0.7601.17514_none_fa396087175ac9ac\COMCTL32.dll
0x000007fefd580000 - 0x000007fefd5f1000 	C:\Windows\system32\SHLWAPI.dll
0x000007fefecc0000 - 0x000007fefecee000 	C:\Windows\system32\IMM32.DLL
0x000007fefe970000 - 0x000007fefea79000 	C:\Windows\system32\MSCTF.dll
0x000007fefd110000 - 0x000007fefd141000 	C:\Windows\system32\nvinitx.dll
0x000000000f000000 - 0x000000000f006000 	C:\Program Files\NVIDIA Corporation\CoProcManager\detoured.dll
0x000007fef9ad0000 - 0x000007fef9afd000 	C:\Program Files\NVIDIA Corporation\CoProcManager\nvd3d9wrapx.dll
0x000007feff3b0000 - 0x000007feff587000 	C:\Windows\system32\SETUPAPI.dll
0x000007fefd200000 - 0x000007fefd236000 	C:\Windows\system32\CFGMGR32.dll
0x000007fefee20000 - 0x000007fefeef7000 	C:\Windows\system32\OLEAUT32.dll
0x000007fefd6f0000 - 0x000007fefd8f3000 	C:\Windows\system32\ole32.dll
0x000007fefd2a0000 - 0x000007fefd2ba000 	C:\Windows\system32\DEVOBJ.dll
0x000007fef9a80000 - 0x000007fef9aa2000 	C:\Program Files\NVIDIA Corporation\CoProcManager\nvdxgiwrapx.dll
0x000000005c950000 - 0x000000005ca22000 	C:\Program Files\Java\jre7\bin\msvcr100.dll
0x00000000539f0000 - 0x00000000541b9000 	C:\Program Files\Java\jre7\bin\server\jvm.dll
0x000007fef2b70000 - 0x000007fef2b79000 	C:\Windows\system32\WSOCK32.dll
0x000007fefd6a0000 - 0x000007fefd6ed000 	C:\Windows\system32\WS2_32.dll
0x000007fefea80000 - 0x000007fefea88000 	C:\Windows\system32\NSI.dll
0x000007fefb6d0000 - 0x000007fefb70b000 	C:\Windows\system32\WINMM.dll
0x0000000077560000 - 0x0000000077567000 	C:\Windows\system32\PSAPI.DLL
0x0000000073100000 - 0x000000007310f000 	C:\Program Files\Java\jre7\bin\verify.dll
0x0000000066cb0000 - 0x0000000066cd8000 	C:\Program Files\Java\jre7\bin\java.dll
0x0000000066940000 - 0x0000000066955000 	C:\Program Files\Java\jre7\bin\zip.dll
0x000007fefa880000 - 0x000007fefa891000 	C:\Windows\xboxcontroller64.dll
0x000007fefa8e0000 - 0x000007fefa8ec000 	C:\Windows\system32\XINPUT9_1_0.dll
0x000007fefdbe0000 - 0x000007fefe968000 	C:\Windows\system32\SHELL32.dll
0x000000006edc0000 - 0x000000006ee58000 	C:\Windows\system32\MSVCP100.dll
0x000007fef2ff0000 - 0x000007fef306f000 	C:\Program Files\Common Files\microsoft shared\ink\tiptsf.dll
0x000007fefb5e0000 - 0x000007fefb636000 	C:\Windows\system32\uxtheme.dll
0x000007fefc200000 - 0x000007fefc20c000 	C:\Windows\system32\version.dll
0x000007fefb300000 - 0x000007fefb318000 	C:\Windows\system32\dwmapi.dll
0x000007fefd540000 - 0x000007fefd57a000 	C:\Windows\system32\WINTRUST.dll
0x000007fefd3d0000 - 0x000007fefd53c000 	C:\Windows\system32\CRYPT32.dll
0x000007fefd1f0000 - 0x000007fefd1ff000 	C:\Windows\system32\MSASN1.dll
0x000000005b5c0000 - 0x000000005b755000 	C:\Program Files\Java\jre7\bin\awt.dll
0x000007fefd040000 - 0x000007fefd04f000 	C:\Windows\system32\CRYPTBASE.dll
0x00000000612b0000 - 0x00000000612f7000 	C:\Program Files\Java\jre7\bin\fontmanager.dll
0x000007feff600000 - 0x000007feff699000 	C:\Windows\system32\CLBCatQ.DLL
0x000007fef9810000 - 0x000007fef9864000 	C:\Windows\system32\oleacc.dll
0x0000000062200000 - 0x0000000062219000 	C:\Program Files\Java\jre7\bin\net.dll
0x000007fefc980000 - 0x000007fefc9d5000 	C:\Windows\system32\mswsock.dll
0x000007fefc970000 - 0x000007fefc977000 	C:\Windows\System32\wship6.dll
0x0000000061630000 - 0x0000000061641000 	C:\Program Files\Java\jre7\bin\nio.dll
0x00000000615e0000 - 0x0000000061621000 	C:\Program Files\Java\jre7\bin\t2k.dll

VM Arguments:
jvm_args: -Dfile.encoding=Cp1252 
java_command: packag.Main
Launcher Type: SUN_STANDARD

Environment Variables:
PATH=C:\Program Files\Common Files\Microsoft Shared\Windows Live;C:\Program Files (x86)\Common Files\Microsoft Shared\Windows Live;C:\Program Files (x86)\NVIDIA Corporation\PhysX\Common;C:\Program Files (x86)\HP SimplePass\x64;C:\Program Files (x86)\HP SimplePass\;;C:\Windows\system32;C:\Windows;C:\Windows\System32\Wbem;C:\Windows\System32\WindowsPowerShell\v1.0\;C:\Program Files\Broadcom\Broadcom 802.11\Driver;C:\Program Files (x86)\QuickTime\QTSystem\;C:\Program Files (x86)\Windows Live\Shared
USERNAME=Rydge
OS=Windows_NT
PROCESSOR_IDENTIFIER=Intel64 Family 6 Model 58 Stepping 9, GenuineIntel



---------------  S Y S T E M  ---------------

OS: Windows 7 , 64 bit Build 7601 Service Pack 1

CPU:total 8 (4 cores per cpu, 2 threads per core) family 6 model 58 stepping 9, cmov, cx8, fxsr, mmx, sse, sse2, sse3, ssse3, sse4.1, sse4.2, popcnt, avx, aes, erms, ht, tsc, tscinvbit, tscinv

Memory: 4k page, physical 8281404k(4602828k free), swap 16560944k(12207156k free)

vm_info: Java HotSpot(TM) 64-Bit Server VM (24.51-b03) for windows-amd64 JRE (1.7.0_51-b13), built on Dec 18 2013 18:40:56 by "java_re" with unknown MS VC++:1600

time: Thu May 22 15:52:52 2014
elapsed time: 2 seconds

